<?xml version="1.0" encoding="UTF-8"?>
<testsuite xmlns:xsi="http://www.w3.org/2001/XMLSchema-instance" xsi:noNamespaceSchemaLocation="https://maven.apache.org/surefire/maven-surefire-plugin/xsd/surefire-test-report-3.0.xsd" version="3.0" name="com.jrobertgardzinski.config.source.properties.RunCucumberTest" time="0.017" tests="2" errors="0" skipped="0" failures="0">
  <properties>
[...]
</properties>
  <testcase name="Resolve a scalar value from properties" classname="Properties configuration source" time="0.008">
    <system-out><![CDATA[
&amp#27;[1mScenario:&amp#27;[22m Resolve a scalar value from properties         &amp#27;[90m# classpath:com/jrobertgardzinski/config/source/properties/properties-config.feature:7&amp#27;[39m
  &amp#27;[32m✔&amp#27;[39m &amp#27;[32m&amp#27;[1mGiven &amp#27;[22ma property &amp#27;[1m"admin-nickname"&amp#27;[22m with value &amp#27;[1m"admin"&amp#27;[22m&amp#27;[39m &amp#27;[90m# com.jrobertgardzinski.config.source.properties.PropertiesConfigSteps.aPropertyWithValue(java.lang.String,java.lang.String)&amp#27;[39m
  &amp#27;[32m✔&amp#27;[39m &amp#27;[32m&amp#27;[1mAnd &amp#27;[22ma properties key &amp#27;[1m"admin-nickname"&amp#27;[22m&amp#27;[39m                &amp#27;[90m# com.jrobertgardzinski.config.source.properties.PropertiesConfigSteps.aPropertiesKey(java.lang.String)&amp#27;[39m
  &amp#27;[32m✔&amp#27;[39m &amp#27;[32m&amp#27;[1mWhen &amp#27;[22mthe properties source resolves the key&amp#27;[39m          &amp#27;[90m# com.jrobertgardzinski.config.source.properties.PropertiesConfigSteps.thePropertiesSourceResolvesTheKey()&amp#27;[39m
  &amp#27;[32m✔&amp#27;[39m &amp#27;[32m&amp#27;[1mThen &amp#27;[22mthe resolved value is &amp#27;[1m"admin"&amp#27;[22m&amp#27;[39m                   &amp#27;[90m# com.jrobertgardzinski.config.source.properties.PropertiesConfigSteps.theResolvedValueIs(java.lang.String)&amp#27;[39m
]]></system-out>
  </testcase>
  <testcase name="Resolve a list value from properties" classname="Properties configuration source" time="0.002">
    <system-out><![CDATA[
&amp#27;[1mScenario:&amp#27;[22m Resolve a list value from properties                              &amp#27;[90m# classpath:com/jrobertgardzinski/config/source/properties/properties-config.feature:13&amp#27;[39m
  &amp#27;[32m✔&amp#27;[39m &amp#27;[32m&amp#27;[1mGiven &amp#27;[22ma list property &amp#27;[1m"blocked-domains"&amp#27;[22m with values &amp#27;[1m"spam.com,junk.org"&amp#27;[22m&amp#27;[39m &amp#27;[90m# com.jrobertgardzinski.config.source.properties.PropertiesConfigSteps.aListPropertyWithValues(java.lang.String,java.lang.String)&amp#27;[39m
  &amp#27;[32m✔&amp#27;[39m &amp#27;[32m&amp#27;[1mAnd &amp#27;[22ma list properties key &amp#27;[1m"blocked-domains"&amp#27;[22m&amp#27;[39m                             &amp#27;[90m# com.jrobertgardzinski.config.source.properties.PropertiesConfigSteps.aListPropertiesKey(java.lang.String)&amp#27;[39m
  &amp#27;[32m✔&amp#27;[39m &amp#27;[32m&amp#27;[1mWhen &amp#27;[22mthe properties source resolves the list key&amp#27;[39m                        &amp#27;[90m# com.jrobertgardzinski.config.source.properties.PropertiesConfigSteps.thePropertiesSourceResolvesTheListKey()&amp#27;[39m
  &amp#27;[32m✔&amp#27;[39m &amp#27;[32m&amp#27;[1mThen &amp#27;[22mthe resolved list contains &amp#27;[1m"spam.com"&amp#27;[22m and &amp#27;[1m"junk.org"&amp#27;[22m&amp#27;[39m               &amp#27;[90m# com.jrobertgardzinski.config.source.properties.PropertiesConfigSteps.theResolvedListContains(java.lang.String,java.lang.String)&amp#27;[39m
]]></system-out>
  </testcase>
</testsuite>